[debug] [2023-05-31T07:17:04.569Z] ----------------------------------------------------------------------
[debug] [2023-05-31T07:17:04.573Z] Command:       C:\Program Files\nodejs\node.exe C:\Users\DELL\AppData\Roaming\npm\node_modules\firebase-tools\lib\bin\firebase.js emulators:start
[debug] [2023-05-31T07:17:04.574Z] CLI Version:   12.2.1
[debug] [2023-05-31T07:17:04.574Z] Platform:      win32
[debug] [2023-05-31T07:17:04.575Z] Node Version:  v18.16.0
[debug] [2023-05-31T07:17:04.576Z] Time:          Wed May 31 2023 10:17:04 GMT+0300 (East Africa Time)
[debug] [2023-05-31T07:17:04.579Z] ----------------------------------------------------------------------
[debug] 
[debug] [2023-05-31T07:17:04.854Z] > command requires scopes: ["email","openid","https://www.googleapis.com/auth/cloudplatformprojects.readonly","https://www.googleapis.com/auth/firebase","https://www.googleapis.com/auth/cloud-platform"]
[debug] [2023-05-31T07:17:04.855Z] > authorizing via signed-in user (jayabjay2018@gmail.com)
[info] i  emulators: Starting emulators: functions {"metadata":{"emulator":{"name":"hub"},"message":"Starting emulators: functions"}}
[debug] [2023-05-31T07:17:04.887Z] [logging] Logging Emulator only supports listening on one address (127.0.0.1). Not listening on ::1
[debug] [2023-05-31T07:17:04.888Z] assigned listening specs for emulators {"user":{"hub":[{"address":"127.0.0.1","family":"IPv4","port":4400},{"address":"::1","family":"IPv6","port":4400}],"ui":[{"address":"127.0.0.1","family":"IPv4","port":4000},{"address":"::1","family":"IPv6","port":4000}],"logging":[{"address":"127.0.0.1","family":"IPv4","port":4500}]},"metadata":{"message":"assigned listening specs for emulators"}}
[debug] [2023-05-31T07:17:04.923Z] [hub] writing locator at C:\Users\DELL\AppData\Local\Temp\hub-urban-living-109cf.json
[debug] [2023-05-31T07:17:05.004Z] [functions] Functions Emulator only supports listening on one address (127.0.0.1). Not listening on ::1
[debug] [2023-05-31T07:17:05.005Z] [eventarc] Eventarc Emulator only supports listening on one address (127.0.0.1). Not listening on ::1
[debug] [2023-05-31T07:17:05.005Z] late-assigned ports for functions and eventarc emulators {"user":{"hub":[{"address":"127.0.0.1","family":"IPv4","port":4400},{"address":"::1","family":"IPv6","port":4400}],"ui":[{"address":"127.0.0.1","family":"IPv4","port":4000},{"address":"::1","family":"IPv6","port":4000}],"logging":[{"address":"127.0.0.1","family":"IPv4","port":4500}],"functions":[{"address":"127.0.0.1","family":"IPv4","port":5001}],"eventarc":[{"address":"127.0.0.1","family":"IPv4","port":9299}]},"metadata":{"message":"late-assigned ports for functions and eventarc emulators"}}
[warn] !  functions: The following emulators are not running, calls to these services from the Functions emulator will affect production: auth, firestore, database, hosting, pubsub, storage {"metadata":{"emulator":{"name":"functions"},"message":"The following emulators are not running, calls to these services from the Functions emulator will affect production: \u001b[1mauth, firestore, database, hosting, pubsub, storage\u001b[22m"}}
[debug] [2023-05-31T07:17:05.042Z] defaultcredentials: writing to file C:\Users\DELL\AppData\Roaming\firebase\jayabjay2018_gmail_com_application_default_credentials.json
[debug] [2023-05-31T07:17:05.052Z] Setting GAC to C:\Users\DELL\AppData\Roaming\firebase\jayabjay2018_gmail_com_application_default_credentials.json {"metadata":{"emulator":{"name":"functions"},"message":"Setting GAC to C:\\Users\\DELL\\AppData\\Roaming\\firebase\\jayabjay2018_gmail_com_application_default_credentials.json"}}
[debug] [2023-05-31T07:17:05.056Z] >>> [apiv2][query] GET https://firebase.googleapis.com/v1beta1/projects/urban-living-109cf/adminSdkConfig [none]
[debug] [2023-05-31T07:17:05.666Z] <<< [apiv2][status] GET https://firebase.googleapis.com/v1beta1/projects/urban-living-109cf/adminSdkConfig 200
[debug] [2023-05-31T07:17:05.667Z] <<< [apiv2][body] GET https://firebase.googleapis.com/v1beta1/projects/urban-living-109cf/adminSdkConfig {"projectId":"urban-living-109cf","storageBucket":"urban-living-109cf.appspot.com"}
[debug] [2023-05-31T07:17:05.731Z] Ignoring unsupported arg: auto_download {"metadata":{"emulator":{"name":"ui"},"message":"Ignoring unsupported arg: auto_download"}}
[debug] [2023-05-31T07:17:05.732Z] Ignoring unsupported arg: port {"metadata":{"emulator":{"name":"ui"},"message":"Ignoring unsupported arg: port"}}
[debug] [2023-05-31T07:17:05.732Z] Starting Emulator UI with command {"binary":"node","args":["C:\\Users\\DELL\\.cache\\firebase\\emulators\\ui-v1.11.6\\server\\server.js"],"optionalArgs":[],"joinArgs":false} {"metadata":{"emulator":{"name":"ui"},"message":"Starting Emulator UI with command {\"binary\":\"node\",\"args\":[\"C:\\\\Users\\\\DELL\\\\.cache\\\\firebase\\\\emulators\\\\ui-v1.11.6\\\\server\\\\server.js\"],\"optionalArgs\":[],\"joinArgs\":false}"}}
[info] i  ui: Emulator UI logging to ui-debug.log {"metadata":{"emulator":{"name":"ui"},"message":"Emulator UI logging to \u001b[1mui-debug.log\u001b[22m"}}
[debug] [2023-05-31T07:17:06.003Z] Web / API server started at 127.0.0.1:4000
 {"metadata":{"emulator":{"name":"ui"},"message":"Web / API server started at 127.0.0.1:4000\n"}}
[debug] [2023-05-31T07:17:06.004Z] Web / API server started at ::1:4000
 {"metadata":{"emulator":{"name":"ui"},"message":"Web / API server started at ::1:4000\n"}}
[info] i  functions: Watching "C:\Users\DELL\Main Projects\urban-living\functions" for Cloud Functions... {"metadata":{"emulator":{"name":"functions"},"message":"Watching \"C:\\Users\\DELL\\Main Projects\\urban-living\\functions\" for Cloud Functions..."}}
[debug] [2023-05-31T07:17:06.035Z] Validating nodejs source
[debug] [2023-05-31T07:17:10.919Z] > [functions] package.json contents: {
  "name": "functions",
  "description": "Cloud Functions for Firebase",
  "scripts": {
    "lint": "eslint .",
    "serve": "firebase emulators:start --only functions",
    "shell": "firebase functions:shell",
    "start": "npm run shell",
    "deploy": "firebase deploy --only functions",
    "logs": "firebase functions:log"
  },
  "engines": {
    "node": "18"
  },
  "main": "index.js",
  "dependencies": {
    "cors": "^2.8.5",
    "express": "^4.18.2",
    "firebase-admin": "^11.5.0",
    "firebase-functions": "^4.2.0",
    "stripe": "^12.7.0"
  },
  "devDependencies": {
    "eslint": "^8.15.0",
    "eslint-config-google": "^0.14.0",
    "firebase-functions-test": "^3.0.0"
  },
  "private": true
}
[debug] [2023-05-31T07:17:10.919Z] Building nodejs source
[debug] [2023-05-31T07:17:10.920Z] Failed to find version of module node: reached end of search path C:\Users\DELL\Main Projects\urban-living\functions\node_modules
[info] +  functions: Using node@18 from host. 
[debug] [2023-05-31T07:17:10.933Z] Could not find functions.yaml. Must use http discovery
[debug] [2023-05-31T07:17:10.948Z] Found firebase-functions binary at 'C:\Users\DELL\Main Projects\urban-living\functions\node_modules\.bin\firebase-functions'
[debug] [2023-05-31T07:17:11.778Z] Serving at port 8391

[debug] [2023-05-31T07:17:12.890Z] Got response from /__/functions.yaml {"endpoints":{"api":{"platform":"gcfv1","availableMemoryMb":null,"timeoutSeconds":null,"minInstances":null,"maxInstances":null,"ingressSettings":null,"serviceAccountEmail":null,"vpc":null,"httpsTrigger":{},"entryPoint":"api"}},"specVersion":"v1alpha1","requiredAPIs":[]}
[debug] [2023-05-31T07:17:12.911Z] shutdown requested via /__/quitquitquit

[info] +  functions: Loaded functions definitions from source: api. {"metadata":{"emulator":{"name":"functions"},"message":"Loaded functions definitions from source: api."}}
[info] +  functions[us-central1-api]: http function initialized (http://127.0.0.1:5001/urban-living-109cf/us-central1/api). {"metadata":{"emulator":{"name":"functions"},"message":"\u001b[1mhttp\u001b[22m function initialized (http://127.0.0.1:5001/urban-living-109cf/us-central1/api)."}}
[info] 
┌─────────────────────────────────────────────────────────────┐
│ ✔  All emulators ready! It is now safe to connect your app. │
│ i  View Emulator UI at http://127.0.0.1:4000/               │
└─────────────────────────────────────────────────────────────┘

┌───────────┬────────────────┬─────────────────────────────────┐
│ Emulator  │ Host:Port      │ View in Emulator UI             │
├───────────┼────────────────┼─────────────────────────────────┤
│ Functions │ 127.0.0.1:5001 │ http://127.0.0.1:4000/functions │
└───────────┴────────────────┴─────────────────────────────────┘
  Emulator Hub running at 127.0.0.1:4400
  Other reserved ports: 4500

Issues? Report them at https://github.com/firebase/firebase-tools/issues and attach the *-debug.log files.
 
[debug] [2023-05-31T07:17:25.059Z] [work-queue] {"queuedWork":["/urban-living-109cf/us-central1/api-2023-05-31T07:17:25.059Z"],"queueLength":1,"runningWork":[],"workRunningCount":0}
[debug] [2023-05-31T07:17:25.060Z] [work-queue] {"queuedWork":[],"queueLength":0,"runningWork":["/urban-living-109cf/us-central1/api-2023-05-31T07:17:25.059Z"],"workRunningCount":1}
[debug] [2023-05-31T07:17:25.061Z] Accepted request GET /urban-living-109cf/us-central1/api --> us-central1-api
[debug] [2023-05-31T07:17:25.072Z] [functions] Runtime ready! Sending request! {"metadata":{"emulator":{"name":"functions"},"message":"[functions] Runtime ready! Sending request!"}}
[debug] [2023-05-31T07:17:25.074Z] [functions] Got req.url=/urban-living-109cf/us-central1/api, mapping to path=/ {"metadata":{"emulator":{"name":"functions"},"message":"[functions] Got req.url=/urban-living-109cf/us-central1/api, mapping to path=/"}}
[debug] [2023-05-31T07:17:25.100Z] [worker-pool] addWorker(us-central1-api) {"metadata":{"emulator":{"name":"functions"},"message":"[worker-pool] addWorker(us-central1-api)"}}
[debug] [2023-05-31T07:17:25.103Z] [worker-pool] Adding worker with key us-central1-api, total=1 {"metadata":{"emulator":{"name":"functions"},"message":"[worker-pool] Adding worker with key us-central1-api, total=1"}}
[debug] [2023-05-31T07:17:29.771Z] [runtime-status] [1616] Resolved module firebase-admin {"declared":true,"installed":true,"version":"11.9.0","resolution":"C:\\Users\\DELL\\Main Projects\\urban-living\\functions\\node_modules\\firebase-admin\\lib\\index.js"} {"metadata":{"emulator":{"name":"functions"},"function":{"name":"us-central1-api"},"extension":{},"message":"[runtime-status] [1616] Resolved module firebase-admin {\"declared\":true,\"installed\":true,\"version\":\"11.9.0\",\"resolution\":\"C:\\\\Users\\\\DELL\\\\Main Projects\\\\urban-living\\\\functions\\\\node_modules\\\\firebase-admin\\\\lib\\\\index.js\"}"}}
[debug] [2023-05-31T07:17:29.776Z] [runtime-status] [1616] Resolved module firebase-functions {"declared":true,"installed":true,"version":"4.4.0","resolution":"C:\\Users\\DELL\\Main Projects\\urban-living\\functions\\node_modules\\firebase-functions\\lib\\v1\\index.js"} {"metadata":{"emulator":{"name":"functions"},"function":{"name":"us-central1-api"},"extension":{},"message":"[runtime-status] [1616] Resolved module firebase-functions {\"declared\":true,\"installed\":true,\"version\":\"4.4.0\",\"resolution\":\"C:\\\\Users\\\\DELL\\\\Main Projects\\\\urban-living\\\\functions\\\\node_modules\\\\firebase-functions\\\\lib\\\\v1\\\\index.js\"}"}}
[debug] [2023-05-31T07:17:29.778Z] [runtime-status] [1616] Outgoing network have been stubbed. [{"name":"http","status":"mocked"},{"name":"http","status":"mocked"},{"name":"https","status":"mocked"},{"name":"https","status":"mocked"},{"name":"net","status":"mocked"}] {"metadata":{"emulator":{"name":"functions"},"function":{"name":"us-central1-api"},"extension":{},"message":"[runtime-status] [1616] Outgoing network have been stubbed. [{\"name\":\"http\",\"status\":\"mocked\"},{\"name\":\"http\",\"status\":\"mocked\"},{\"name\":\"https\",\"status\":\"mocked\"},{\"name\":\"https\",\"status\":\"mocked\"},{\"name\":\"net\",\"status\":\"mocked\"}]"}}
[debug] [2023-05-31T07:17:29.780Z] [runtime-status] [1616] Resolved module firebase-functions {"declared":true,"installed":true,"version":"4.4.0","resolution":"C:\\Users\\DELL\\Main Projects\\urban-living\\functions\\node_modules\\firebase-functions\\lib\\v1\\index.js"} {"metadata":{"emulator":{"name":"functions"},"function":{"name":"us-central1-api"},"extension":{},"message":"[runtime-status] [1616] Resolved module firebase-functions {\"declared\":true,\"installed\":true,\"version\":\"4.4.0\",\"resolution\":\"C:\\\\Users\\\\DELL\\\\Main Projects\\\\urban-living\\\\functions\\\\node_modules\\\\firebase-functions\\\\lib\\\\v1\\\\index.js\"}"}}
[debug] [2023-05-31T07:17:30.526Z] [runtime-status] [1616] Checked functions.config() {"config":{}} {"metadata":{"emulator":{"name":"functions"},"function":{"name":"us-central1-api"},"extension":{},"message":"[runtime-status] [1616] Checked functions.config() {\"config\":{}}"}}
[debug] [2023-05-31T07:17:30.527Z] [runtime-status] [1616] firebase-functions has been stubbed. {"functionsResolution":{"declared":true,"installed":true,"version":"4.4.0","resolution":"C:\\Users\\DELL\\Main Projects\\urban-living\\functions\\node_modules\\firebase-functions\\lib\\v1\\index.js"}} {"metadata":{"emulator":{"name":"functions"},"function":{"name":"us-central1-api"},"extension":{},"message":"[runtime-status] [1616] firebase-functions has been stubbed. {\"functionsResolution\":{\"declared\":true,\"installed\":true,\"version\":\"4.4.0\",\"resolution\":\"C:\\\\Users\\\\DELL\\\\Main Projects\\\\urban-living\\\\functions\\\\node_modules\\\\firebase-functions\\\\lib\\\\v1\\\\index.js\"}}"}}
[debug] [2023-05-31T07:17:30.530Z] [runtime-status] [1616] Resolved module firebase-functions {"declared":true,"installed":true,"version":"4.4.0","resolution":"C:\\Users\\DELL\\Main Projects\\urban-living\\functions\\node_modules\\firebase-functions\\lib\\v1\\index.js"} {"metadata":{"emulator":{"name":"functions"},"function":{"name":"us-central1-api"},"extension":{},"message":"[runtime-status] [1616] Resolved module firebase-functions {\"declared\":true,\"installed\":true,\"version\":\"4.4.0\",\"resolution\":\"C:\\\\Users\\\\DELL\\\\Main Projects\\\\urban-living\\\\functions\\\\node_modules\\\\firebase-functions\\\\lib\\\\v1\\\\index.js\"}"}}
[debug] [2023-05-31T07:17:30.533Z] [runtime-status] [1616] Resolved module firebase-admin {"declared":true,"installed":true,"version":"11.9.0","resolution":"C:\\Users\\DELL\\Main Projects\\urban-living\\functions\\node_modules\\firebase-admin\\lib\\index.js"} {"metadata":{"emulator":{"name":"functions"},"function":{"name":"us-central1-api"},"extension":{},"message":"[runtime-status] [1616] Resolved module firebase-admin {\"declared\":true,\"installed\":true,\"version\":\"11.9.0\",\"resolution\":\"C:\\\\Users\\\\DELL\\\\Main Projects\\\\urban-living\\\\functions\\\\node_modules\\\\firebase-admin\\\\lib\\\\index.js\"}"}}
[debug] [2023-05-31T07:17:30.548Z] [runtime-status] [1616] Resolved module firebase-functions {"declared":true,"installed":true,"version":"4.4.0","resolution":"C:\\Users\\DELL\\Main Projects\\urban-living\\functions\\node_modules\\firebase-functions\\lib\\v1\\index.js"} {"metadata":{"emulator":{"name":"functions"},"function":{"name":"us-central1-api"},"extension":{},"message":"[runtime-status] [1616] Resolved module firebase-functions {\"declared\":true,\"installed\":true,\"version\":\"4.4.0\",\"resolution\":\"C:\\\\Users\\\\DELL\\\\Main Projects\\\\urban-living\\\\functions\\\\node_modules\\\\firebase-functions\\\\lib\\\\v1\\\\index.js\"}"}}
[debug] [2023-05-31T07:17:30.548Z] [runtime-status] [1616] firebase-admin has been stubbed. {"adminResolution":{"declared":true,"installed":true,"version":"11.9.0","resolution":"C:\\Users\\DELL\\Main Projects\\urban-living\\functions\\node_modules\\firebase-admin\\lib\\index.js"}} {"metadata":{"emulator":{"name":"functions"},"function":{"name":"us-central1-api"},"extension":{},"message":"[runtime-status] [1616] firebase-admin has been stubbed. {\"adminResolution\":{\"declared\":true,\"installed\":true,\"version\":\"11.9.0\",\"resolution\":\"C:\\\\Users\\\\DELL\\\\Main Projects\\\\urban-living\\\\functions\\\\node_modules\\\\firebase-admin\\\\lib\\\\index.js\"}}"}}
[debug] [2023-05-31T07:17:31.146Z] [runtime-status] [1616] Functions runtime initialized. {"cwd":"C:\\Users\\DELL\\Main Projects\\urban-living\\functions","node_version":"18.16.0"} {"metadata":{"emulator":{"name":"functions"},"function":{"name":"us-central1-api"},"extension":{},"message":"[runtime-status] [1616] Functions runtime initialized. {\"cwd\":\"C:\\\\Users\\\\DELL\\\\Main Projects\\\\urban-living\\\\functions\",\"node_version\":\"18.16.0\"}"}}
[debug] [2023-05-31T07:17:31.147Z] [runtime-status] [1616] Listening to port: \\?\pipe\fire_emu_79c3110289935ec3 {"metadata":{"emulator":{"name":"functions"},"function":{"name":"us-central1-api"},"extension":{},"message":"[runtime-status] [1616] Listening to port: \\\\?\\pipe\\fire_emu_79c3110289935ec3"}}
[debug] [2023-05-31T07:17:31.264Z] [worker-us-central1-api-6e6abd0e-e036-465f-945d-11ad61fdf7af]: IDLE {"metadata":{"emulator":{"name":"functions"},"function":{"name":"us-central1-api"},"extension":{},"message":"[worker-us-central1-api-6e6abd0e-e036-465f-945d-11ad61fdf7af]: IDLE"}}
[debug] [2023-05-31T07:17:31.265Z] [worker-pool] submitRequest(triggerId=us-central1-api) {"metadata":{"emulator":{"name":"functions"},"message":"[worker-pool] submitRequest(triggerId=us-central1-api)"}}
[info] i  functions: Beginning execution of "us-central1-api" {"metadata":{"emulator":{"name":"functions"},"function":{"name":"us-central1-api"},"extension":{},"message":"Beginning execution of \"us-central1-api\""}}
[debug] [2023-05-31T07:17:31.267Z] [worker-us-central1-api-6e6abd0e-e036-465f-945d-11ad61fdf7af]: BUSY {"metadata":{"emulator":{"name":"functions"},"function":{"name":"us-central1-api"},"extension":{},"message":"[worker-us-central1-api-6e6abd0e-e036-465f-945d-11ad61fdf7af]: BUSY"}}
[debug] [2023-05-31T07:17:31.291Z] Finishing up request with event=pause {"metadata":{"emulator":{"name":"functions"},"function":{"name":"us-central1-api"},"extension":{},"message":"Finishing up request with event=pause"}}
[info] i  functions: Finished "us-central1-api" in 24.5563ms {"metadata":{"emulator":{"name":"functions"},"function":{"name":"us-central1-api"},"extension":{},"message":"Finished \"us-central1-api\" in 24.5563ms"}}
[debug] [2023-05-31T07:17:31.295Z] [worker-us-central1-api-6e6abd0e-e036-465f-945d-11ad61fdf7af]: IDLE {"metadata":{"emulator":{"name":"functions"},"function":{"name":"us-central1-api"},"extension":{},"message":"[worker-us-central1-api-6e6abd0e-e036-465f-945d-11ad61fdf7af]: IDLE"}}
[debug] [2023-05-31T07:17:31.296Z] Finishing up request with event=finish {"metadata":{"emulator":{"name":"functions"},"function":{"name":"us-central1-api"},"extension":{},"message":"Finishing up request with event=finish"}}
[debug] [2023-05-31T07:17:31.296Z] Finishing up request with event=close {"metadata":{"emulator":{"name":"functions"},"function":{"name":"us-central1-api"},"extension":{},"message":"Finishing up request with event=close"}}
[debug] [2023-05-31T07:17:31.297Z] [work-queue] {"queuedWork":[],"queueLength":0,"runningWork":[],"workRunningCount":0}
[debug] [2023-05-31T07:17:31.598Z] Functions emulator received unknown request at path /favicon.ico
[debug] [2023-05-31T07:18:53.781Z] File C:\Users\DELL\Main Projects\urban-living\functions\index.js changed, reloading triggers {"metadata":{"emulator":{"name":"functions"},"message":"File C:\\Users\\DELL\\Main Projects\\urban-living\\functions\\index.js changed, reloading triggers"}}
[debug] [2023-05-31T07:18:54.820Z] Validating nodejs source
[debug] [2023-05-31T07:19:03.231Z] > [functions] package.json contents: {
  "name": "functions",
  "description": "Cloud Functions for Firebase",
  "scripts": {
    "lint": "eslint .",
    "serve": "firebase emulators:start --only functions",
    "shell": "firebase functions:shell",
    "start": "npm run shell",
    "deploy": "firebase deploy --only functions",
    "logs": "firebase functions:log"
  },
  "engines": {
    "node": "18"
  },
  "main": "index.js",
  "dependencies": {
    "cors": "^2.8.5",
    "express": "^4.18.2",
    "firebase-admin": "^11.5.0",
    "firebase-functions": "^4.2.0",
    "stripe": "^12.7.0"
  },
  "devDependencies": {
    "eslint": "^8.15.0",
    "eslint-config-google": "^0.14.0",
    "firebase-functions-test": "^3.0.0"
  },
  "private": true
}
[debug] [2023-05-31T07:19:03.231Z] Building nodejs source
[debug] [2023-05-31T07:19:03.232Z] Failed to find version of module node: reached end of search path C:\Users\DELL\Main Projects\urban-living\functions\node_modules
[info] +  functions: Using node@18 from host. 
[debug] [2023-05-31T07:19:03.235Z] Could not find functions.yaml. Must use http discovery
[debug] [2023-05-31T07:19:03.251Z] Found firebase-functions binary at 'C:\Users\DELL\Main Projects\urban-living\functions\node_modules\.bin\firebase-functions'
[debug] [2023-05-31T07:19:04.071Z] Serving at port 8206

[debug] [2023-05-31T07:19:05.810Z] Got response from /__/functions.yaml {"endpoints":{"api":{"platform":"gcfv1","availableMemoryMb":null,"timeoutSeconds":null,"minInstances":null,"maxInstances":null,"ingressSettings":null,"serviceAccountEmail":null,"vpc":null,"httpsTrigger":{},"entryPoint":"api"}},"specVersion":"v1alpha1","requiredAPIs":[]}
[debug] [2023-05-31T07:19:05.825Z] shutdown requested via /__/quitquitquit

[info] +  functions: Loaded functions definitions from source: api. {"metadata":{"emulator":{"name":"functions"},"message":"Loaded functions definitions from source: api."}}
[debug] [2023-05-31T07:19:05.874Z] [worker-pool] Shutting down IDLE worker (us-central1-api) {"metadata":{"emulator":{"name":"functions"},"message":"[worker-pool] Shutting down IDLE worker (us-central1-api)"}}
[debug] [2023-05-31T07:19:05.874Z] [worker-us-central1-api-6e6abd0e-e036-465f-945d-11ad61fdf7af]: FINISHING {"metadata":{"emulator":{"name":"functions"},"function":{"name":"us-central1-api"},"extension":{},"message":"[worker-us-central1-api-6e6abd0e-e036-465f-945d-11ad61fdf7af]: FINISHING"}}
[debug] [2023-05-31T07:19:05.901Z] [worker-us-central1-api-6e6abd0e-e036-465f-945d-11ad61fdf7af]: exited {"metadata":{"emulator":{"name":"functions"},"function":{"name":"us-central1-api"},"extension":{},"message":"[worker-us-central1-api-6e6abd0e-e036-465f-945d-11ad61fdf7af]: exited"}}
[debug] [2023-05-31T07:19:05.901Z] [worker-us-central1-api-6e6abd0e-e036-465f-945d-11ad61fdf7af]: FINISHED {"metadata":{"emulator":{"name":"functions"},"function":{"name":"us-central1-api"},"extension":{},"message":"[worker-us-central1-api-6e6abd0e-e036-465f-945d-11ad61fdf7af]: FINISHED"}}
[debug] [2023-05-31T07:19:26.405Z] File C:\Users\DELL\Main Projects\urban-living\functions\index.js changed, reloading triggers {"metadata":{"emulator":{"name":"functions"},"message":"File C:\\Users\\DELL\\Main Projects\\urban-living\\functions\\index.js changed, reloading triggers"}}
[debug] [2023-05-31T07:19:27.421Z] Validating nodejs source
[debug] [2023-05-31T07:19:34.008Z] > [functions] package.json contents: {
  "name": "functions",
  "description": "Cloud Functions for Firebase",
  "scripts": {
    "lint": "eslint .",
    "serve": "firebase emulators:start --only functions",
    "shell": "firebase functions:shell",
    "start": "npm run shell",
    "deploy": "firebase deploy --only functions",
    "logs": "firebase functions:log"
  },
  "engines": {
    "node": "18"
  },
  "main": "index.js",
  "dependencies": {
    "cors": "^2.8.5",
    "express": "^4.18.2",
    "firebase-admin": "^11.5.0",
    "firebase-functions": "^4.2.0",
    "stripe": "^12.7.0"
  },
  "devDependencies": {
    "eslint": "^8.15.0",
    "eslint-config-google": "^0.14.0",
    "firebase-functions-test": "^3.0.0"
  },
  "private": true
}
[debug] [2023-05-31T07:19:34.008Z] Building nodejs source
[debug] [2023-05-31T07:19:34.008Z] Failed to find version of module node: reached end of search path C:\Users\DELL\Main Projects\urban-living\functions\node_modules
[info] +  functions: Using node@18 from host. 
[debug] [2023-05-31T07:19:34.011Z] Could not find functions.yaml. Must use http discovery
[debug] [2023-05-31T07:19:34.024Z] Found firebase-functions binary at 'C:\Users\DELL\Main Projects\urban-living\functions\node_modules\.bin\firebase-functions'
[debug] [2023-05-31T07:19:34.834Z] Serving at port 8081

[debug] [2023-05-31T07:19:36.118Z] Got response from /__/functions.yaml {"endpoints":{"api":{"platform":"gcfv1","availableMemoryMb":null,"timeoutSeconds":null,"minInstances":null,"maxInstances":null,"ingressSettings":null,"serviceAccountEmail":null,"vpc":null,"httpsTrigger":{},"entryPoint":"api"}},"specVersion":"v1alpha1","requiredAPIs":[]}
[debug] [2023-05-31T07:19:36.130Z] shutdown requested via /__/quitquitquit

[info] +  functions: Loaded functions definitions from source: api. {"metadata":{"emulator":{"name":"functions"},"message":"Loaded functions definitions from source: api."}}
[debug] [2023-05-31T07:27:30.918Z] File C:\Users\DELL\Main Projects\urban-living\functions\index.js changed, reloading triggers {"metadata":{"emulator":{"name":"functions"},"message":"File C:\\Users\\DELL\\Main Projects\\urban-living\\functions\\index.js changed, reloading triggers"}}
[debug] [2023-05-31T07:27:31.950Z] Validating nodejs source
[debug] [2023-05-31T07:27:41.210Z] > [functions] package.json contents: {
  "name": "functions",
  "description": "Cloud Functions for Firebase",
  "scripts": {
    "lint": "eslint .",
    "serve": "firebase emulators:start --only functions",
    "shell": "firebase functions:shell",
    "start": "npm run shell",
    "deploy": "firebase deploy --only functions",
    "logs": "firebase functions:log"
  },
  "engines": {
    "node": "18"
  },
  "main": "index.js",
  "dependencies": {
    "cors": "^2.8.5",
    "express": "^4.18.2",
    "firebase-admin": "^11.5.0",
    "firebase-functions": "^4.2.0",
    "stripe": "^12.7.0"
  },
  "devDependencies": {
    "eslint": "^8.15.0",
    "eslint-config-google": "^0.14.0",
    "firebase-functions-test": "^3.0.0"
  },
  "private": true
}
[debug] [2023-05-31T07:27:41.210Z] Building nodejs source
[debug] [2023-05-31T07:27:41.210Z] Failed to find version of module node: reached end of search path C:\Users\DELL\Main Projects\urban-living\functions\node_modules
[info] +  functions: Using node@18 from host. 
[debug] [2023-05-31T07:27:41.230Z] Could not find functions.yaml. Must use http discovery
[debug] [2023-05-31T07:27:41.246Z] Found firebase-functions binary at 'C:\Users\DELL\Main Projects\urban-living\functions\node_modules\.bin\firebase-functions'
[debug] [2023-05-31T07:27:43.319Z] Serving at port 8333

[debug] [2023-05-31T07:27:44.626Z] Got response from /__/functions.yaml {"endpoints":{"api":{"platform":"gcfv1","availableMemoryMb":null,"timeoutSeconds":null,"minInstances":null,"maxInstances":null,"ingressSettings":null,"serviceAccountEmail":null,"vpc":null,"httpsTrigger":{},"entryPoint":"api"}},"specVersion":"v1alpha1","requiredAPIs":[]}
[debug] [2023-05-31T07:27:44.633Z] shutdown requested via /__/quitquitquit

[info] +  functions: Loaded functions definitions from source: api. {"metadata":{"emulator":{"name":"functions"},"message":"Loaded functions definitions from source: api."}}
