[debug] [2023-06-07T06:45:39.498Z] ----------------------------------------------------------------------
[debug] [2023-06-07T06:45:39.502Z] Command:       C:\Program Files\nodejs\node.exe C:\Users\DELL\AppData\Roaming\npm\node_modules\firebase-tools\lib\bin\firebase.js init
[debug] [2023-06-07T06:45:39.503Z] CLI Version:   12.2.1
[debug] [2023-06-07T06:45:39.504Z] Platform:      win32
[debug] [2023-06-07T06:45:39.504Z] Node Version:  v18.16.0
[debug] [2023-06-07T06:45:39.511Z] Time:          Wed Jun 07 2023 09:45:39 GMT+0300 (East Africa Time)
[debug] [2023-06-07T06:45:39.512Z] ----------------------------------------------------------------------
[debug] 
[debug] [2023-06-07T06:45:39.518Z] >>> [apiv2][query] GET https://firebase-public.firebaseio.com/cli.json [none]
[debug] [2023-06-07T06:45:39.732Z] > command requires scopes: ["email","openid","https://www.googleapis.com/auth/cloudplatformprojects.readonly","https://www.googleapis.com/auth/firebase","https://www.googleapis.com/auth/cloud-platform"]
[debug] [2023-06-07T06:45:39.733Z] > authorizing via signed-in user (jayabjay2018@gmail.com)
[info] 
     ######## #### ########  ######## ########     ###     ######  ########
     ##        ##  ##     ## ##       ##     ##  ##   ##  ##       ##
     ######    ##  ########  ######   ########  #########  ######  ######
     ##        ##  ##    ##  ##       ##     ## ##     ##       ## ##
     ##       #### ##     ## ######## ########  ##     ##  ######  ########

You're about to initialize a Firebase project in this directory:

  C:\Users\DELL\Main Projects\urban-living

Before we get started, keep in mind:

  * You are initializing within an existing Firebase project directory

[debug] [2023-06-07T06:45:40.438Z] <<< [apiv2][status] GET https://firebase-public.firebaseio.com/cli.json 200
[debug] [2023-06-07T06:45:40.439Z] <<< [apiv2][body] GET https://firebase-public.firebaseio.com/cli.json {"cloudBuildErrorAfter":1594252800000,"cloudBuildWarnAfter":1590019200000,"defaultNode10After":1594252800000,"minVersion":"3.0.5","node8DeploysDisabledAfter":1613390400000,"node8RuntimeDisabledAfter":1615809600000,"node8WarnAfter":1600128000000}
